<?xml version="1.0" encoding="UTF-8"?>
<testng-results skipped="0" failed="0" ignored="0" total="1" passed="1">
  <reporter-output>
  </reporter-output>
  <suite name="Default suite" duration-ms="5549" started-at="2021-04-04T00:30:01 EDT" finished-at="2021-04-04T00:30:06 EDT">
    <groups>
    </groups>
    <test name="Default test" duration-ms="5549" started-at="2021-04-04T00:30:01 EDT" finished-at="2021-04-04T00:30:06 EDT">
      <class name="seleniumDemo.BrowserTest">
        <test-method status="PASS" signature="browserTest()[pri:0, instance:seleniumDemo.BrowserTest@6c49835d]" name="browserTest" duration-ms="5501" started-at="2021-04-04T00:30:01 EDT" finished-at="2021-04-04T00:30:06 EDT">
          <reporter-output>
          </reporter-output>
        </test-method> <!-- browserTest -->
      </class> <!-- seleniumDemo.BrowserTest -->
    </test> <!-- Default test -->
  </suite> <!-- Default suite -->
</testng-results>
